{"contracts/FlashLoanProtector.sol":{"l":{"14":174,"15":27,"16":19,"17":19,"19":166},"path":"/Users/Daniel/Documents/Projekte/current/PiSwap/contracts/FlashLoanProtector.sol","s":{"1":174,"2":27,"3":19,"4":19},"b":{"1":[27,147],"2":[19,8]},"f":{"1":174},"fnMap":{"1":{"name":"FLprotected","line":13,"loc":{"start":{"line":13,"column":4},"end":{"line":20,"column":4}}}},"statementMap":{"1":{"start":{"line":14,"column":8},"end":{"line":14,"column":982}},"2":{"start":{"line":15,"column":12},"end":{"line":15,"column":108}},"3":{"start":{"line":16,"column":12},"end":{"line":16,"column":35}},"4":{"start":{"line":17,"column":12},"end":{"line":17,"column":41}}},"branchMap":{"1":{"line":14,"type":"if","locations":[{"start":{"line":14,"column":8},"end":{"line":14,"column":8}},{"start":{"line":14,"column":8},"end":{"line":14,"column":8}}]},"2":{"line":15,"type":"if","locations":[{"start":{"line":15,"column":12},"end":{"line":15,"column":12}},{"start":{"line":15,"column":12},"end":{"line":15,"column":12}}]}}},"contracts/Market.sol":{"l":{"74":19,"75":19,"76":19,"77":19,"85":40,"86":38,"87":38,"89":38,"90":38,"91":16,"93":38,"94":38,"96":38,"97":38,"98":38,"99":36,"100":36,"101":34,"102":34,"115":15,"116":13,"118":11,"119":11,"120":11,"121":11,"123":11,"124":11,"125":10,"127":11,"128":9,"129":5,"130":5,"131":3,"146":32,"147":30,"148":30,"149":30,"150":30,"151":8,"152":8,"153":8,"154":8,"155":8,"156":8,"157":8,"158":8,"164":2,"165":2,"166":2,"167":2,"168":2,"169":2,"172":22,"173":16,"174":16,"175":16,"176":14,"177":14,"178":14,"207":16,"208":14,"209":14,"210":12,"212":12,"213":12,"214":12,"215":12,"217":6,"218":4,"219":4,"220":4,"221":4,"222":4,"235":12,"236":10,"237":8,"239":6,"240":6,"242":4,"244":4,"245":4,"247":2,"254":2,"255":2,"270":12,"271":10,"272":8,"274":6,"275":6,"277":4,"279":4,"280":4,"282":2,"289":2,"290":2,"291":2,"299":13,"300":9,"301":9,"302":4,"303":2,"304":2,"305":2,"306":2,"308":5,"309":3,"310":1,"311":1,"312":1,"313":1,"326":26,"327":22,"328":22,"329":18,"330":18,"331":8,"332":6,"333":4,"334":4,"335":4,"336":4,"338":10,"339":8,"340":4,"341":4,"342":2,"343":2,"344":2,"345":2,"354":20,"355":20,"361":12,"362":12,"371":30,"378":3,"379":3,"394":19,"395":18,"396":18,"397":18,"398":18,"399":18,"401":13,"402":11,"405":6,"423":61,"424":61,"425":61,"426":61,"439":8,"440":8,"441":8,"442":8,"449":183,"457":42,"464":16,"473":0,"474":0,"475":0,"476":0,"485":0,"487":0,"488":0,"494":11,"499":49,"500":21,"502":28},"path":"/Users/Daniel/Documents/Projekte/current/PiSwap/contracts/Market.sol","s":{"1":19,"2":19,"3":19,"4":19,"5":40,"6":38,"7":38,"8":38,"9":38,"10":16,"11":38,"12":38,"13":38,"14":38,"15":38,"16":36,"17":36,"18":34,"19":34,"20":15,"21":13,"22":11,"23":11,"24":11,"25":11,"26":11,"27":11,"28":10,"29":11,"30":9,"31":5,"32":5,"33":3,"34":32,"35":30,"36":30,"37":30,"38":30,"39":8,"40":8,"41":8,"42":8,"43":8,"44":8,"45":8,"46":8,"47":2,"48":2,"49":2,"50":2,"51":2,"52":2,"53":22,"54":16,"55":16,"56":16,"57":14,"58":14,"59":14,"60":16,"61":14,"62":14,"63":12,"64":12,"65":12,"66":12,"67":12,"68":6,"69":4,"70":4,"71":4,"72":4,"73":4,"74":12,"75":10,"76":8,"77":6,"78":6,"79":4,"80":4,"81":4,"82":2,"83":2,"84":2,"85":12,"86":10,"87":8,"88":6,"89":6,"90":4,"91":4,"92":4,"93":2,"94":2,"95":2,"96":2,"97":13,"98":9,"99":9,"100":4,"101":2,"102":2,"103":2,"104":2,"105":5,"106":3,"107":1,"108":1,"109":1,"110":1,"111":26,"112":22,"113":22,"114":18,"115":18,"116":8,"117":6,"118":4,"119":4,"120":4,"121":4,"122":10,"123":8,"124":4,"125":4,"126":2,"127":2,"128":2,"129":2,"130":20,"131":20,"132":12,"133":12,"134":30,"135":3,"136":3,"137":19,"138":18,"139":18,"140":18,"141":18,"142":18,"143":13,"144":11,"145":6,"146":61,"147":61,"148":61,"149":61,"150":8,"151":8,"152":8,"153":8,"154":183,"155":42,"156":16,"157":0,"158":0,"159":0,"160":0,"161":0,"162":0,"163":0,"164":11,"165":49,"166":21,"167":28},"b":{"1":[38,2],"2":[16,22],"3":[36,2],"4":[13,2],"5":[10,1],"6":[9,2],"7":[30,2],"8":[8,22],"9":[2,6],"10":[16,6],"11":[14,2],"12":[12,2],"13":[6,6],"14":[10,2],"15":[8,2],"16":[6,2],"17":[4,2],"18":[2,2],"19":[10,2],"20":[8,2],"21":[6,2],"22":[4,2],"23":[2,2],"24":[9,4],"25":[4,5],"26":[2,2],"27":[3,2],"28":[1,2],"29":[22,4],"30":[18,4],"31":[8,10],"32":[6,2],"33":[4,2],"34":[8,2],"35":[4,4],"36":[2,2],"37":[18,2],"38":[18,1],"39":[13,5],"40":[11,2],"41":[21,28]},"f":{"1":19,"2":40,"3":15,"4":32,"5":16,"6":12,"7":12,"8":13,"9":26,"10":20,"11":12,"12":30,"13":3,"14":19,"15":61,"16":8,"17":183,"18":42,"19":16,"20":0,"21":0,"22":11,"23":49},"fnMap":{"1":{"name":"constructor","line":68,"loc":{"start":{"line":68,"column":4},"end":{"line":78,"column":4}}},"2":{"name":"purchaseTokens","line":84,"loc":{"start":{"line":84,"column":4},"end":{"line":103,"column":4}}},"3":{"name":"redeemTokens","line":114,"loc":{"start":{"line":110,"column":4},"end":{"line":132,"column":4}}},"4":{"name":"addLiquidity","line":145,"loc":{"start":{"line":140,"column":4},"end":{"line":180,"column":4}}},"5":{"name":"removeLiquidity","line":200,"loc":{"start":{"line":191,"column":4},"end":{"line":223,"column":4}}},"6":{"name":"swapEthToToken","line":234,"loc":{"start":{"line":230,"column":4},"end":{"line":256,"column":4}}},"7":{"name":"swapTokenToEth","line":269,"loc":{"start":{"line":264,"column":4},"end":{"line":292,"column":4}}},"8":{"name":"buyNFT","line":298,"loc":{"start":{"line":298,"column":4},"end":{"line":315,"column":4}}},"9":{"name":"sellNFT","line":325,"loc":{"start":{"line":321,"column":4},"end":{"line":347,"column":4}}},"10":{"name":"_safeTransfer","line":353,"loc":{"start":{"line":353,"column":4},"end":{"line":356,"column":4}}},"11":{"name":"NFTValue","line":360,"loc":{"start":{"line":360,"column":4},"end":{"line":363,"column":4}}},"12":{"name":"_NFTValue","line":370,"loc":{"start":{"line":370,"column":4},"end":{"line":372,"column":4}}},"13":{"name":"NFTSwapEnabled","line":377,"loc":{"start":{"line":377,"column":4},"end":{"line":380,"column":4}}},"14":{"name":"_NFTSwapEnabled","line":389,"loc":{"start":{"line":389,"column":4},"end":{"line":406,"column":4}}},"15":{"name":"_getTokenIdsReserves","line":413,"loc":{"start":{"line":413,"column":4},"end":{"line":427,"column":4}}},"16":{"name":"_getPrice","line":434,"loc":{"start":{"line":434,"column":4},"end":{"line":443,"column":4}}},"17":{"name":"getTokenId","line":448,"loc":{"start":{"line":448,"column":4},"end":{"line":450,"column":4}}},"18":{"name":"tokenFormula","line":456,"loc":{"start":{"line":456,"column":4},"end":{"line":458,"column":4}}},"19":{"name":"inverseTokenFormula","line":463,"loc":{"start":{"line":463,"column":4},"end":{"line":465,"column":4}}},"20":{"name":"tokenPricePurchase","line":472,"loc":{"start":{"line":472,"column":4},"end":{"line":477,"column":4}}},"21":{"name":"tokenPriceRedemption","line":484,"loc":{"start":{"line":484,"column":4},"end":{"line":489,"column":4}}},"22":{"name":"marketProfit","line":493,"loc":{"start":{"line":493,"column":4},"end":{"line":495,"column":4}}},"23":{"name":"_marketProfit","line":498,"loc":{"start":{"line":498,"column":4},"end":{"line":503,"column":4}}}},"statementMap":{"1":{"start":{"line":74,"column":8},"end":{"line":74,"column":43}},"2":{"start":{"line":75,"column":8},"end":{"line":75,"column":38}},"3":{"start":{"line":76,"column":8},"end":{"line":76,"column":28}},"4":{"start":{"line":77,"column":8},"end":{"line":77,"column":25}},"5":{"start":{"line":85,"column":8},"end":{"line":85,"column":54}},"6":{"start":{"line":86,"column":8},"end":{"line":86,"column":37}},"7":{"start":{"line":87,"column":8},"end":{"line":87,"column":44}},"8":{"start":{"line":89,"column":8},"end":{"line":89,"column":64}},"9":{"start":{"line":90,"column":8},"end":{"line":90,"column":3580}},"10":{"start":{"line":91,"column":12},"end":{"line":91,"column":27}},"11":{"start":{"line":93,"column":8},"end":{"line":93,"column":91}},"12":{"start":{"line":94,"column":8},"end":{"line":94,"column":76}},"13":{"start":{"line":96,"column":8},"end":{"line":96,"column":86}},"14":{"start":{"line":97,"column":8},"end":{"line":97,"column":74}},"15":{"start":{"line":98,"column":8},"end":{"line":98,"column":80}},"16":{"start":{"line":99,"column":8},"end":{"line":99,"column":32}},"17":{"start":{"line":100,"column":8},"end":{"line":100,"column":70}},"18":{"start":{"line":101,"column":8},"end":{"line":101,"column":70}},"19":{"start":{"line":102,"column":8},"end":{"line":102,"column":73}},"20":{"start":{"line":115,"column":8},"end":{"line":115,"column":54}},"21":{"start":{"line":116,"column":8},"end":{"line":116,"column":5065}},"22":{"start":{"line":118,"column":8},"end":{"line":118,"column":64}},"23":{"start":{"line":119,"column":8},"end":{"line":119,"column":44}},"24":{"start":{"line":120,"column":8},"end":{"line":120,"column":57}},"25":{"start":{"line":121,"column":8},"end":{"line":121,"column":43}},"26":{"start":{"line":123,"column":8},"end":{"line":123,"column":64}},"27":{"start":{"line":124,"column":8},"end":{"line":124,"column":5463}},"28":{"start":{"line":125,"column":12},"end":{"line":125,"column":27}},"29":{"start":{"line":127,"column":8},"end":{"line":127,"column":66}},"30":{"start":{"line":128,"column":8},"end":{"line":128,"column":57}},"31":{"start":{"line":129,"column":8},"end":{"line":129,"column":57}},"32":{"start":{"line":130,"column":8},"end":{"line":130,"column":43}},"33":{"start":{"line":131,"column":8},"end":{"line":131,"column":59}},"34":{"start":{"line":146,"column":8},"end":{"line":146,"column":54}},"35":{"start":{"line":147,"column":8},"end":{"line":147,"column":51}},"36":{"start":{"line":148,"column":8},"end":{"line":148,"column":51}},"37":{"start":{"line":149,"column":8},"end":{"line":149,"column":93}},"38":{"start":{"line":150,"column":8},"end":{"line":150,"column":6739}},"39":{"start":{"line":151,"column":12},"end":{"line":151,"column":75}},"40":{"start":{"line":152,"column":12},"end":{"line":152,"column":75}},"41":{"start":{"line":153,"column":12},"end":{"line":153,"column":65}},"42":{"start":{"line":154,"column":12},"end":{"line":154,"column":83}},"43":{"start":{"line":155,"column":12},"end":{"line":155,"column":90}},"44":{"start":{"line":156,"column":12},"end":{"line":156,"column":72}},"45":{"start":{"line":157,"column":12},"end":{"line":157,"column":80}},"46":{"start":{"line":158,"column":12},"end":{"line":158,"column":7336}},"47":{"start":{"line":164,"column":12},"end":{"line":164,"column":34}},"48":{"start":{"line":165,"column":12},"end":{"line":165,"column":74}},"49":{"start":{"line":166,"column":12},"end":{"line":166,"column":92}},"50":{"start":{"line":167,"column":12},"end":{"line":167,"column":92}},"51":{"start":{"line":168,"column":12},"end":{"line":168,"column":88}},"52":{"start":{"line":169,"column":12},"end":{"line":169,"column":34}},"53":{"start":{"line":172,"column":12},"end":{"line":172,"column":77}},"54":{"start":{"line":173,"column":12},"end":{"line":173,"column":34}},"55":{"start":{"line":174,"column":12},"end":{"line":174,"column":68}},"56":{"start":{"line":175,"column":12},"end":{"line":175,"column":91}},"57":{"start":{"line":176,"column":12},"end":{"line":176,"column":91}},"58":{"start":{"line":177,"column":12},"end":{"line":177,"column":86}},"59":{"start":{"line":178,"column":12},"end":{"line":178,"column":28}},"60":{"start":{"line":207,"column":8},"end":{"line":207,"column":54}},"61":{"start":{"line":208,"column":8},"end":{"line":208,"column":93}},"62":{"start":{"line":209,"column":8},"end":{"line":209,"column":35}},"63":{"start":{"line":210,"column":8},"end":{"line":210,"column":107}},"64":{"start":{"line":212,"column":8},"end":{"line":212,"column":59}},"65":{"start":{"line":213,"column":8},"end":{"line":213,"column":61}},"66":{"start":{"line":214,"column":8},"end":{"line":214,"column":61}},"67":{"start":{"line":215,"column":8},"end":{"line":215,"column":100}},"68":{"start":{"line":217,"column":8},"end":{"line":217,"column":62}},"69":{"start":{"line":218,"column":8},"end":{"line":218,"column":83}},"70":{"start":{"line":219,"column":8},"end":{"line":219,"column":83}},"71":{"start":{"line":220,"column":8},"end":{"line":220,"column":30}},"72":{"start":{"line":221,"column":8},"end":{"line":221,"column":43}},"73":{"start":{"line":222,"column":8},"end":{"line":222,"column":76}},"74":{"start":{"line":235,"column":8},"end":{"line":235,"column":54}},"75":{"start":{"line":236,"column":8},"end":{"line":236,"column":29}},"76":{"start":{"line":237,"column":8},"end":{"line":237,"column":80}},"77":{"start":{"line":239,"column":8},"end":{"line":239,"column":107}},"78":{"start":{"line":240,"column":8},"end":{"line":240,"column":85}},"79":{"start":{"line":242,"column":8},"end":{"line":242,"column":11439}},"80":{"start":{"line":244,"column":8},"end":{"line":244,"column":114}},"81":{"start":{"line":245,"column":8},"end":{"line":245,"column":51}},"82":{"start":{"line":247,"column":8},"end":{"line":247,"column":11655}},"83":{"start":{"line":254,"column":8},"end":{"line":254,"column":30}},"84":{"start":{"line":255,"column":8},"end":{"line":255,"column":76}},"85":{"start":{"line":270,"column":8},"end":{"line":270,"column":54}},"86":{"start":{"line":271,"column":8},"end":{"line":271,"column":27}},"87":{"start":{"line":272,"column":8},"end":{"line":272,"column":80}},"88":{"start":{"line":274,"column":8},"end":{"line":274,"column":107}},"89":{"start":{"line":275,"column":8},"end":{"line":275,"column":85}},"90":{"start":{"line":277,"column":8},"end":{"line":277,"column":12992}},"91":{"start":{"line":279,"column":8},"end":{"line":279,"column":109}},"92":{"start":{"line":280,"column":8},"end":{"line":280,"column":45}},"93":{"start":{"line":282,"column":8},"end":{"line":282,"column":13197}},"94":{"start":{"line":289,"column":8},"end":{"line":289,"column":27}},"95":{"start":{"line":290,"column":8},"end":{"line":290,"column":40}},"96":{"start":{"line":291,"column":8},"end":{"line":291,"column":67}},"97":{"start":{"line":299,"column":8},"end":{"line":299,"column":54}},"98":{"start":{"line":300,"column":8},"end":{"line":300,"column":37}},"99":{"start":{"line":301,"column":8},"end":{"line":301,"column":14027}},"100":{"start":{"line":302,"column":12},"end":{"line":302,"column":53}},"101":{"start":{"line":303,"column":12},"end":{"line":303,"column":52}},"102":{"start":{"line":304,"column":12},"end":{"line":304,"column":74}},"103":{"start":{"line":305,"column":12},"end":{"line":305,"column":58}},"104":{"start":{"line":306,"column":12},"end":{"line":306,"column":53}},"105":{"start":{"line":308,"column":12},"end":{"line":308,"column":54}},"106":{"start":{"line":309,"column":12},"end":{"line":309,"column":63}},"107":{"start":{"line":310,"column":12},"end":{"line":310,"column":54}},"108":{"start":{"line":311,"column":12},"end":{"line":311,"column":83}},"109":{"start":{"line":312,"column":12},"end":{"line":312,"column":70}},"110":{"start":{"line":313,"column":12},"end":{"line":313,"column":59}},"111":{"start":{"line":326,"column":8},"end":{"line":326,"column":54}},"112":{"start":{"line":327,"column":8},"end":{"line":327,"column":79}},"113":{"start":{"line":328,"column":8},"end":{"line":328,"column":85}},"114":{"start":{"line":329,"column":8},"end":{"line":329,"column":62}},"115":{"start":{"line":330,"column":8},"end":{"line":330,"column":15493}},"116":{"start":{"line":331,"column":12},"end":{"line":331,"column":92}},"117":{"start":{"line":332,"column":12},"end":{"line":332,"column":51}},"118":{"start":{"line":333,"column":12},"end":{"line":333,"column":52}},"119":{"start":{"line":334,"column":12},"end":{"line":334,"column":74}},"120":{"start":{"line":335,"column":12},"end":{"line":335,"column":46}},"121":{"start":{"line":336,"column":12},"end":{"line":336,"column":49}},"122":{"start":{"line":338,"column":12},"end":{"line":338,"column":54}},"123":{"start":{"line":339,"column":12},"end":{"line":339,"column":98}},"124":{"start":{"line":340,"column":12},"end":{"line":340,"column":47}},"125":{"start":{"line":341,"column":12},"end":{"line":341,"column":49}},"126":{"start":{"line":342,"column":12},"end":{"line":342,"column":54}},"127":{"start":{"line":343,"column":12},"end":{"line":343,"column":83}},"128":{"start":{"line":344,"column":12},"end":{"line":344,"column":44}},"129":{"start":{"line":345,"column":12},"end":{"line":345,"column":55}},"130":{"start":{"line":354,"column":8},"end":{"line":354,"column":55}},"131":{"start":{"line":355,"column":8},"end":{"line":355,"column":42}},"132":{"start":{"line":361,"column":8},"end":{"line":361,"column":79}},"133":{"start":{"line":362,"column":8},"end":{"line":362,"column":50}},"134":{"start":{"line":371,"column":8},"end":{"line":371,"column":54}},"135":{"start":{"line":378,"column":8},"end":{"line":378,"column":79}},"136":{"start":{"line":379,"column":8},"end":{"line":379,"column":59}},"137":{"start":{"line":394,"column":8},"end":{"line":394,"column":18591}},"138":{"start":{"line":395,"column":12},"end":{"line":395,"column":70}},"139":{"start":{"line":396,"column":12},"end":{"line":396,"column":56}},"140":{"start":{"line":397,"column":12},"end":{"line":397,"column":70}},"141":{"start":{"line":398,"column":12},"end":{"line":398,"column":69}},"142":{"start":{"line":399,"column":12},"end":{"line":399,"column":18942}},"143":{"start":{"line":401,"column":16},"end":{"line":401,"column":111}},"144":{"start":{"line":402,"column":16},"end":{"line":402,"column":27}},"145":{"start":{"line":405,"column":8},"end":{"line":405,"column":20}},"146":{"start":{"line":423,"column":8},"end":{"line":423,"column":42}},"147":{"start":{"line":424,"column":8},"end":{"line":424,"column":42}},"148":{"start":{"line":425,"column":8},"end":{"line":425,"column":62}},"149":{"start":{"line":426,"column":8},"end":{"line":426,"column":62}},"150":{"start":{"line":439,"column":8},"end":{"line":439,"column":45}},"151":{"start":{"line":440,"column":8},"end":{"line":440,"column":58}},"152":{"start":{"line":441,"column":8},"end":{"line":441,"column":68}},"153":{"start":{"line":442,"column":8},"end":{"line":442,"column":38}},"154":{"start":{"line":449,"column":8},"end":{"line":449,"column":78}},"155":{"start":{"line":457,"column":8},"end":{"line":457,"column":70}},"156":{"start":{"line":464,"column":8},"end":{"line":464,"column":70}},"157":{"start":{"line":473,"column":8},"end":{"line":473,"column":53}},"158":{"start":{"line":474,"column":8},"end":{"line":474,"column":74}},"159":{"start":{"line":475,"column":8},"end":{"line":475,"column":82}},"160":{"start":{"line":476,"column":8},"end":{"line":476,"column":50}},"161":{"start":{"line":485,"column":8},"end":{"line":485,"column":22692}},"162":{"start":{"line":487,"column":8},"end":{"line":487,"column":64}},"163":{"start":{"line":488,"column":8},"end":{"line":488,"column":53}},"164":{"start":{"line":494,"column":8},"end":{"line":494,"column":51}},"165":{"start":{"line":499,"column":8},"end":{"line":499,"column":23321}},"166":{"start":{"line":500,"column":12},"end":{"line":500,"column":26}},"167":{"start":{"line":502,"column":8},"end":{"line":502,"column":74}}},"branchMap":{"1":{"line":85,"type":"if","locations":[{"start":{"line":85,"column":8},"end":{"line":85,"column":8}},{"start":{"line":85,"column":8},"end":{"line":85,"column":8}}]},"2":{"line":90,"type":"if","locations":[{"start":{"line":90,"column":8},"end":{"line":90,"column":8}},{"start":{"line":90,"column":8},"end":{"line":90,"column":8}}]},"3":{"line":98,"type":"if","locations":[{"start":{"line":98,"column":8},"end":{"line":98,"column":8}},{"start":{"line":98,"column":8},"end":{"line":98,"column":8}}]},"4":{"line":115,"type":"if","locations":[{"start":{"line":115,"column":8},"end":{"line":115,"column":8}},{"start":{"line":115,"column":8},"end":{"line":115,"column":8}}]},"5":{"line":124,"type":"if","locations":[{"start":{"line":124,"column":8},"end":{"line":124,"column":8}},{"start":{"line":124,"column":8},"end":{"line":124,"column":8}}]},"6":{"line":127,"type":"if","locations":[{"start":{"line":127,"column":8},"end":{"line":127,"column":8}},{"start":{"line":127,"column":8},"end":{"line":127,"column":8}}]},"7":{"line":146,"type":"if","locations":[{"start":{"line":146,"column":8},"end":{"line":146,"column":8}},{"start":{"line":146,"column":8},"end":{"line":146,"column":8}}]},"8":{"line":150,"type":"if","locations":[{"start":{"line":150,"column":8},"end":{"line":150,"column":8}},{"start":{"line":150,"column":8},"end":{"line":150,"column":8}}]},"9":{"line":158,"type":"if","locations":[{"start":{"line":158,"column":12},"end":{"line":158,"column":12}},{"start":{"line":158,"column":12},"end":{"line":158,"column":12}}]},"10":{"line":172,"type":"if","locations":[{"start":{"line":172,"column":12},"end":{"line":172,"column":12}},{"start":{"line":172,"column":12},"end":{"line":172,"column":12}}]},"11":{"line":207,"type":"if","locations":[{"start":{"line":207,"column":8},"end":{"line":207,"column":8}},{"start":{"line":207,"column":8},"end":{"line":207,"column":8}}]},"12":{"line":209,"type":"if","locations":[{"start":{"line":209,"column":8},"end":{"line":209,"column":8}},{"start":{"line":209,"column":8},"end":{"line":209,"column":8}}]},"13":{"line":215,"type":"if","locations":[{"start":{"line":215,"column":8},"end":{"line":215,"column":8}},{"start":{"line":215,"column":8},"end":{"line":215,"column":8}}]},"14":{"line":235,"type":"if","locations":[{"start":{"line":235,"column":8},"end":{"line":235,"column":8}},{"start":{"line":235,"column":8},"end":{"line":235,"column":8}}]},"15":{"line":236,"type":"if","locations":[{"start":{"line":236,"column":8},"end":{"line":236,"column":8}},{"start":{"line":236,"column":8},"end":{"line":236,"column":8}}]},"16":{"line":237,"type":"if","locations":[{"start":{"line":237,"column":8},"end":{"line":237,"column":8}},{"start":{"line":237,"column":8},"end":{"line":237,"column":8}}]},"17":{"line":240,"type":"if","locations":[{"start":{"line":240,"column":8},"end":{"line":240,"column":8}},{"start":{"line":240,"column":8},"end":{"line":240,"column":8}}]},"18":{"line":245,"type":"if","locations":[{"start":{"line":245,"column":8},"end":{"line":245,"column":8}},{"start":{"line":245,"column":8},"end":{"line":245,"column":8}}]},"19":{"line":270,"type":"if","locations":[{"start":{"line":270,"column":8},"end":{"line":270,"column":8}},{"start":{"line":270,"column":8},"end":{"line":270,"column":8}}]},"20":{"line":271,"type":"if","locations":[{"start":{"line":271,"column":8},"end":{"line":271,"column":8}},{"start":{"line":271,"column":8},"end":{"line":271,"column":8}}]},"21":{"line":272,"type":"if","locations":[{"start":{"line":272,"column":8},"end":{"line":272,"column":8}},{"start":{"line":272,"column":8},"end":{"line":272,"column":8}}]},"22":{"line":275,"type":"if","locations":[{"start":{"line":275,"column":8},"end":{"line":275,"column":8}},{"start":{"line":275,"column":8},"end":{"line":275,"column":8}}]},"23":{"line":280,"type":"if","locations":[{"start":{"line":280,"column":8},"end":{"line":280,"column":8}},{"start":{"line":280,"column":8},"end":{"line":280,"column":8}}]},"24":{"line":299,"type":"if","locations":[{"start":{"line":299,"column":8},"end":{"line":299,"column":8}},{"start":{"line":299,"column":8},"end":{"line":299,"column":8}}]},"25":{"line":301,"type":"if","locations":[{"start":{"line":301,"column":8},"end":{"line":301,"column":8}},{"start":{"line":301,"column":8},"end":{"line":301,"column":8}}]},"26":{"line":302,"type":"if","locations":[{"start":{"line":302,"column":12},"end":{"line":302,"column":12}},{"start":{"line":302,"column":12},"end":{"line":302,"column":12}}]},"27":{"line":308,"type":"if","locations":[{"start":{"line":308,"column":12},"end":{"line":308,"column":12}},{"start":{"line":308,"column":12},"end":{"line":308,"column":12}}]},"28":{"line":309,"type":"if","locations":[{"start":{"line":309,"column":12},"end":{"line":309,"column":12}},{"start":{"line":309,"column":12},"end":{"line":309,"column":12}}]},"29":{"line":326,"type":"if","locations":[{"start":{"line":326,"column":8},"end":{"line":326,"column":8}},{"start":{"line":326,"column":8},"end":{"line":326,"column":8}}]},"30":{"line":328,"type":"if","locations":[{"start":{"line":328,"column":8},"end":{"line":328,"column":8}},{"start":{"line":328,"column":8},"end":{"line":328,"column":8}}]},"31":{"line":330,"type":"if","locations":[{"start":{"line":330,"column":8},"end":{"line":330,"column":8}},{"start":{"line":330,"column":8},"end":{"line":330,"column":8}}]},"32":{"line":331,"type":"if","locations":[{"start":{"line":331,"column":12},"end":{"line":331,"column":12}},{"start":{"line":331,"column":12},"end":{"line":331,"column":12}}]},"33":{"line":332,"type":"if","locations":[{"start":{"line":332,"column":12},"end":{"line":332,"column":12}},{"start":{"line":332,"column":12},"end":{"line":332,"column":12}}]},"34":{"line":338,"type":"if","locations":[{"start":{"line":338,"column":12},"end":{"line":338,"column":12}},{"start":{"line":338,"column":12},"end":{"line":338,"column":12}}]},"35":{"line":339,"type":"if","locations":[{"start":{"line":339,"column":12},"end":{"line":339,"column":12}},{"start":{"line":339,"column":12},"end":{"line":339,"column":12}}]},"36":{"line":341,"type":"if","locations":[{"start":{"line":341,"column":12},"end":{"line":341,"column":12}},{"start":{"line":341,"column":12},"end":{"line":341,"column":12}}]},"37":{"line":355,"type":"if","locations":[{"start":{"line":355,"column":8},"end":{"line":355,"column":8}},{"start":{"line":355,"column":8},"end":{"line":355,"column":8}}]},"38":{"line":394,"type":"if","locations":[{"start":{"line":394,"column":8},"end":{"line":394,"column":8}},{"start":{"line":394,"column":8},"end":{"line":394,"column":8}}]},"39":{"line":399,"type":"if","locations":[{"start":{"line":399,"column":12},"end":{"line":399,"column":12}},{"start":{"line":399,"column":12},"end":{"line":399,"column":12}}]},"40":{"line":401,"type":"if","locations":[{"start":{"line":401,"column":16},"end":{"line":401,"column":16}},{"start":{"line":401,"column":16},"end":{"line":401,"column":16}}]},"41":{"line":499,"type":"if","locations":[{"start":{"line":499,"column":8},"end":{"line":499,"column":8}},{"start":{"line":499,"column":8},"end":{"line":499,"column":8}}]}}},"contracts/MarketFactory.sol":{"l":{"16":22,"17":22,"18":22,"19":15,"21":3,"23":2,"25":18},"path":"/Users/Daniel/Documents/Projekte/current/PiSwap/contracts/MarketFactory.sol","s":{"1":22,"2":22,"3":22,"4":15,"5":5,"6":3,"7":2,"8":18},"b":{"1":[15,5],"2":[3,2]},"f":{"1":22},"fnMap":{"1":{"name":"deployMarket","line":15,"loc":{"start":{"line":15,"column":4},"end":{"line":26,"column":4}}}},"statementMap":{"1":{"start":{"line":16,"column":8},"end":{"line":16,"column":23}},"2":{"start":{"line":17,"column":8},"end":{"line":17,"column":46}},"3":{"start":{"line":18,"column":8},"end":{"line":18,"column":785}},"4":{"start":{"line":19,"column":12},"end":{"line":19,"column":35}},"5":{"start":{"line":20,"column":15},"end":{"line":20,"column":881}},"6":{"start":{"line":21,"column":12},"end":{"line":21,"column":36}},"7":{"start":{"line":23,"column":12},"end":{"line":23,"column":47}},"8":{"start":{"line":25,"column":8},"end":{"line":25,"column":80}}},"branchMap":{"1":{"line":18,"type":"if","locations":[{"start":{"line":18,"column":8},"end":{"line":18,"column":8}},{"start":{"line":18,"column":8},"end":{"line":18,"column":8}}]},"2":{"line":20,"type":"if","locations":[{"start":{"line":20,"column":15},"end":{"line":20,"column":15}},{"start":{"line":20,"column":15},"end":{"line":20,"column":15}}]}}},"contracts/TokenRegistry.sol":{"l":{"39":112,"40":108,"44":0,"45":0,"53":23,"54":23,"62":26,"63":24,"64":22,"66":22,"69":18,"70":18,"72":18,"77":0,"81":0,"82":0,"83":0,"87":0,"88":0,"89":0,"97":97,"98":97,"105":219,"118":88,"119":86,"120":86,"121":86,"134":20,"135":18,"136":18,"137":14},"path":"/Users/Daniel/Documents/Projekte/current/PiSwap/contracts/TokenRegistry.sol","s":{"1":112,"2":0,"3":23,"4":23,"5":26,"6":24,"7":22,"8":22,"9":18,"10":18,"11":18,"12":0,"13":0,"14":0,"15":0,"16":0,"17":0,"18":0,"19":97,"20":97,"21":219,"22":88,"23":86,"24":86,"25":86,"26":20,"27":18,"28":18,"29":14},"b":{"1":[108,4],"2":[0,0],"3":[24,2],"4":[22,2],"5":[0,0],"6":[0,0],"7":[86,2],"8":[18,2]},"f":{"1":112,"2":0,"3":23,"4":26,"5":0,"6":0,"7":0,"8":97,"9":219,"10":88,"11":20},"fnMap":{"1":{"name":"onlyMarket","line":38,"loc":{"start":{"line":38,"column":4},"end":{"line":41,"column":4}}},"2":{"name":"onlyOwner","line":43,"loc":{"start":{"line":43,"column":4},"end":{"line":46,"column":4}}},"3":{"name":"constructor","line":52,"loc":{"start":{"line":48,"column":4},"end":{"line":55,"column":4}}},"4":{"name":"createMarket","line":61,"loc":{"start":{"line":61,"column":4},"end":{"line":73,"column":4}}},"5":{"name":"proposeNewOwner","line":76,"loc":{"start":{"line":76,"column":4},"end":{"line":78,"column":4}}},"6":{"name":"claimOwnership","line":80,"loc":{"start":{"line":80,"column":4},"end":{"line":84,"column":4}}},"7":{"name":"setPriceImpact","line":86,"loc":{"start":{"line":86,"column":4},"end":{"line":90,"column":4}}},"8":{"name":"getTotalSupply","line":96,"loc":{"start":{"line":96,"column":4},"end":{"line":99,"column":4}}},"9":{"name":"getTokenId","line":104,"loc":{"start":{"line":104,"column":4},"end":{"line":106,"column":4}}},"10":{"name":"mint","line":117,"loc":{"start":{"line":113,"column":4},"end":{"line":122,"column":4}}},"11":{"name":"burn","line":133,"loc":{"start":{"line":129,"column":4},"end":{"line":138,"column":4}}}},"statementMap":{"1":{"start":{"line":39,"column":8},"end":{"line":39,"column":91}},"2":{"start":{"line":44,"column":8},"end":{"line":44,"column":71}},"3":{"start":{"line":53,"column":8},"end":{"line":53,"column":21}},"4":{"start":{"line":54,"column":8},"end":{"line":54,"column":41}},"5":{"start":{"line":62,"column":8},"end":{"line":62,"column":86}},"6":{"start":{"line":63,"column":8},"end":{"line":63,"column":87}},"7":{"start":{"line":64,"column":8},"end":{"line":64,"column":89}},"8":{"start":{"line":66,"column":8},"end":{"line":66,"column":60}},"9":{"start":{"line":69,"column":8},"end":{"line":69,"column":47}},"10":{"start":{"line":70,"column":8},"end":{"line":70,"column":31}},"11":{"start":{"line":72,"column":8},"end":{"line":72,"column":58}},"12":{"start":{"line":77,"column":8},"end":{"line":77,"column":33}},"13":{"start":{"line":81,"column":8},"end":{"line":81,"column":88}},"14":{"start":{"line":82,"column":8},"end":{"line":82,"column":56}},"15":{"start":{"line":83,"column":8},"end":{"line":83,"column":29}},"16":{"start":{"line":87,"column":8},"end":{"line":87,"column":36}},"17":{"start":{"line":88,"column":8},"end":{"line":88,"column":55}},"18":{"start":{"line":89,"column":8},"end":{"line":89,"column":31}},"19":{"start":{"line":97,"column":8},"end":{"line":97,"column":57}},"20":{"start":{"line":98,"column":8},"end":{"line":98,"column":35}},"21":{"start":{"line":105,"column":8},"end":{"line":105,"column":72}},"22":{"start":{"line":118,"column":8},"end":{"line":118,"column":51}},"23":{"start":{"line":119,"column":8},"end":{"line":119,"column":60}},"24":{"start":{"line":120,"column":8},"end":{"line":120,"column":39}},"25":{"start":{"line":121,"column":8},"end":{"line":121,"column":38}},"26":{"start":{"line":134,"column":8},"end":{"line":134,"column":51}},"27":{"start":{"line":135,"column":8},"end":{"line":135,"column":60}},"28":{"start":{"line":136,"column":8},"end":{"line":136,"column":37}},"29":{"start":{"line":137,"column":8},"end":{"line":137,"column":38}}},"branchMap":{"1":{"line":39,"type":"if","locations":[{"start":{"line":39,"column":8},"end":{"line":39,"column":8}},{"start":{"line":39,"column":8},"end":{"line":39,"column":8}}]},"2":{"line":44,"type":"if","locations":[{"start":{"line":44,"column":8},"end":{"line":44,"column":8}},{"start":{"line":44,"column":8},"end":{"line":44,"column":8}}]},"3":{"line":62,"type":"if","locations":[{"start":{"line":62,"column":8},"end":{"line":62,"column":8}},{"start":{"line":62,"column":8},"end":{"line":62,"column":8}}]},"4":{"line":63,"type":"if","locations":[{"start":{"line":63,"column":8},"end":{"line":63,"column":8}},{"start":{"line":63,"column":8},"end":{"line":63,"column":8}}]},"5":{"line":81,"type":"if","locations":[{"start":{"line":81,"column":8},"end":{"line":81,"column":8}},{"start":{"line":81,"column":8},"end":{"line":81,"column":8}}]},"6":{"line":87,"type":"if","locations":[{"start":{"line":87,"column":8},"end":{"line":87,"column":8}},{"start":{"line":87,"column":8},"end":{"line":87,"column":8}}]},"7":{"line":118,"type":"if","locations":[{"start":{"line":118,"column":8},"end":{"line":118,"column":8}},{"start":{"line":118,"column":8},"end":{"line":118,"column":8}}]},"8":{"line":134,"type":"if","locations":[{"start":{"line":134,"column":8},"end":{"line":134,"column":8}},{"start":{"line":134,"column":8},"end":{"line":134,"column":8}}]}}},"contracts/Types.sol":{"l":{},"path":"/Users/Daniel/Documents/Projekte/current/PiSwap/contracts/Types.sol","s":{},"b":{},"f":{},"fnMap":{},"statementMap":{},"branchMap":{}}}